2021-01-21T17:06:20.878Z - info: Deployed at https://raysonkoh.github.io/test-markbind!
2021-01-21T17:06:35.460Z - info: Website generation started at 1:06:35 AM
2021-01-21T17:06:35.541Z - info: Building assets...
2021-01-21T17:06:35.576Z - info: Assets built
2021-01-21T17:06:35.576Z - info: Generating pages...
2021-01-21T17:06:35.763Z - info: Pages built
2021-01-21T17:06:40.350Z - info: Site data built
2021-01-21T17:06:40.350Z - info: Website generation complete! Total build time: 4.914s
2021-01-21T17:06:40.365Z - info: Serving "/Users/raysonkoh/Documents/dev/cs3281/test-markbind/_site" at http://127.0.0.1:8080
2021-01-21T17:06:40.366Z - info: Press CTRL+C to stop ...
2021-01-21T17:07:01.276Z - info: [1:07:01 AM] Reload for file change: /Users/raysonkoh/Documents/dev/cs3281/test-markbind/index.md
2021-01-21T17:07:02.284Z - info: Rebuilding 1 pages
2021-01-21T17:07:02.408Z - info: Site data built
2021-01-21T17:07:02.409Z - info: Pages rebuilt
2021-01-21T17:07:02.409Z - info: Website regeneration complete! Total build time: 0.126s
2021-01-21T17:07:08.301Z - info: [1:07:08 AM] Reload for file change: /Users/raysonkoh/Documents/dev/cs3281/test-markbind/index.md
2021-01-21T17:07:09.306Z - info: Rebuilding 1 pages
2021-01-21T17:07:09.393Z - info: Site data built
2021-01-21T17:07:09.393Z - info: Pages rebuilt
2021-01-21T17:07:09.394Z - info: Website regeneration complete! Total build time: 0.088s
2021-01-21T17:07:26.828Z - info: [1:07:26 AM] Reload for file change: /Users/raysonkoh/Documents/dev/cs3281/test-markbind/index.md
2021-01-21T17:07:27.834Z - info: Rebuilding 1 pages
2021-01-21T17:07:27.915Z - info: Site data built
2021-01-21T17:07:27.915Z - info: Pages rebuilt
2021-01-21T17:07:27.915Z - info: Website regeneration complete! Total build time: 0.081s
2021-01-21T17:07:53.226Z - info: [1:07:53 AM] Reload for file change: /Users/raysonkoh/Documents/dev/cs3281/test-markbind/index.md
2021-01-21T17:07:54.231Z - info: Rebuilding 1 pages
2021-01-21T17:07:54.287Z - info: Site data built
2021-01-21T17:07:54.287Z - info: Pages rebuilt
2021-01-21T17:07:54.287Z - info: Website regeneration complete! Total build time: 0.057s
