2021-01-16T03:44:59.378Z - info: Deployed at https://raysonkoh.github.io/test-markbind!
2021-01-16T03:47:03.084Z - info: Website generation started at 11:47:03 AM
2021-01-16T03:47:03.156Z - info: Building assets...
2021-01-16T03:47:03.173Z - info: Assets built
2021-01-16T03:47:03.173Z - info: Generating pages...
2021-01-16T03:47:03.395Z - info: Pages built
2021-01-16T03:47:03.605Z - info: Site data built
2021-01-16T03:47:03.605Z - info: Website generation complete! Total build time: 0.569s
2021-01-16T03:47:03.606Z - info: Build success!
2021-01-16T03:47:08.668Z - info: Deployed at https://raysonkoh.github.io/test-markbind!
2021-01-16T04:02:20.702Z - info: Deployed at https://raysonkoh.github.io/test-markbind!
2021-01-16T04:09:25.798Z - info: Deployed at https://raysonkoh.github.io/test-markbind!
2021-01-16T04:10:29.200Z - info: Deployed at https://raysonkoh.github.io/test-markbind!
2021-01-16T04:12:13.246Z - info: Website generation started at 12:12:13 PM
2021-01-16T04:12:13.315Z - info: Building assets...
2021-01-16T04:12:13.336Z - info: Assets built
2021-01-16T04:12:13.336Z - info: Generating pages...
2021-01-16T04:12:13.544Z - info: Pages built
2021-01-16T04:12:13.666Z - info: Site data built
2021-01-16T04:12:13.666Z - info: Website generation complete! Total build time: 0.458s
2021-01-16T04:12:13.666Z - info: Build success!
2021-01-16T04:12:39.583Z - info: Deployed at https://raysonkoh.github.io/test-markbind!
