2021-01-19T22:20:50.085Z - info: Initialization success.
2021-01-19T22:23:55.211Z - info: Website generation started at 6:23:55 AM
2021-01-19T22:23:55.294Z - info: Building assets...
2021-01-19T22:23:55.321Z - info: Assets built
2021-01-19T22:23:55.322Z - info: Generating pages...
2021-01-19T22:23:55.507Z - info: Pages built
2021-01-19T22:23:55.719Z - info: Site data built
2021-01-19T22:23:55.719Z - info: Website generation complete! Total build time: 0.523s
2021-01-19T22:23:55.767Z - info: Serving "/Users/raysonkoh/Documents/dev/cs3281/test-markbind/_site" at http://127.0.0.1:8080
2021-01-19T22:23:55.768Z - info: Press CTRL+C to stop ...
2021-01-19T22:26:09.428Z - info: [6:26:09 AM] Reload for file change: /Users/raysonkoh/Documents/dev/cs3281/test-markbind/site.json
2021-01-19T22:26:10.433Z - info: Assets built
2021-01-19T22:30:26.432Z - error: Cannot find module '@markbind/core-web/webpack.dev'
Require stack:
- /Users/raysonkoh/.nvm/versions/node/v12.20.0/lib/node_modules/markbind-cli/index.js
2021-01-19T22:30:30.475Z - info: Website generation started at 6:30:30 AM
2021-01-19T22:30:30.547Z - info: Building assets...
2021-01-19T22:30:30.574Z - info: Assets built
2021-01-19T22:30:30.575Z - info: Generating pages...
2021-01-19T22:30:30.760Z - info: Pages built
2021-01-19T22:30:31.031Z - info: Site data built
2021-01-19T22:30:31.031Z - info: Website generation complete! Total build time: 0.588s
2021-01-19T22:30:31.043Z - info: Serving "/Users/raysonkoh/Documents/dev/cs3281/test-markbind/_site" at http://127.0.0.1:8080
2021-01-19T22:30:31.043Z - info: Press CTRL+C to stop ...
2021-01-19T22:32:51.939Z - info: Website generation started at 6:32:51 AM
2021-01-19T22:32:52.014Z - info: Building assets...
2021-01-19T22:32:52.047Z - info: Assets built
2021-01-19T22:32:52.047Z - info: Generating pages...
2021-01-19T22:32:52.223Z - info: Pages built
2021-01-19T22:32:52.456Z - info: Site data built
2021-01-19T22:32:52.456Z - info: Website generation complete! Total build time: 0.536s
2021-01-19T22:32:52.456Z - info: Build success!
2021-01-19T22:33:19.535Z - info: Website generation started at 6:33:19 AM
2021-01-19T22:33:19.605Z - info: Building assets...
2021-01-19T22:33:19.635Z - info: Assets built
2021-01-19T22:33:19.635Z - info: Generating pages...
2021-01-19T22:33:19.813Z - info: Pages built
2021-01-19T22:33:19.905Z - info: Site data built
2021-01-19T22:33:19.906Z - info: Website generation complete! Total build time: 0.389s
2021-01-19T22:33:19.917Z - info: Serving "/Users/raysonkoh/Documents/dev/cs3281/test-markbind/_site" at http://127.0.0.1:8080
2021-01-19T22:33:19.918Z - info: Press CTRL+C to stop ...
2021-01-19T22:36:38.660Z - info: Website generation started at 6:36:38 AM
2021-01-19T22:36:38.741Z - info: Building assets...
2021-01-19T22:36:38.773Z - info: Assets built
2021-01-19T22:36:38.774Z - info: Generating pages...
2021-01-19T22:36:38.964Z - info: Pages built
2021-01-19T22:36:39.321Z - info: Site data built
2021-01-19T22:36:39.321Z - info: Website generation complete! Total build time: 0.7s
2021-01-19T22:36:39.321Z - info: Build success!
2021-01-19T22:36:46.051Z - info: Website generation started at 6:36:46 AM
2021-01-19T22:36:46.106Z - info: Building assets...
2021-01-19T22:36:46.137Z - info: Assets built
2021-01-19T22:36:46.138Z - info: Generating pages...
2021-01-19T22:36:46.319Z - info: Pages built
2021-01-19T22:36:46.377Z - info: Site data built
2021-01-19T22:36:46.378Z - info: Website generation complete! Total build time: 0.346s
2021-01-19T22:36:46.390Z - info: Serving "/Users/raysonkoh/Documents/dev/cs3281/test-markbind/_site" at http://127.0.0.1:8080
2021-01-19T22:36:46.390Z - info: Press CTRL+C to stop ...
2021-01-19T22:39:25.874Z - info: Website generation started at 6:39:25 AM
2021-01-19T22:39:25.928Z - info: Building assets...
2021-01-19T22:39:25.960Z - info: Assets built
2021-01-19T22:39:25.960Z - info: Generating pages...
2021-01-19T22:39:26.136Z - info: Pages built
2021-01-19T22:39:26.244Z - info: Site data built
2021-01-19T22:39:26.244Z - info: Website generation complete! Total build time: 0.389s
2021-01-19T22:39:26.259Z - info: Serving "/Users/raysonkoh/Documents/dev/cs3281/test-markbind/_site" at http://127.0.0.1:8080
2021-01-19T22:39:26.259Z - info: Press CTRL+C to stop ...
2021-01-19T22:40:59.984Z - info: [6:40:59 AM] Reload for file change: /Users/raysonkoh/Documents/dev/cs3281/test-markbind/site.json
2021-01-19T22:41:00.988Z - info: Assets built
2021-01-19T22:41:33.250Z - info: Website generation started at 6:41:33 AM
2021-01-19T22:41:33.332Z - info: Building assets...
2021-01-19T22:41:33.368Z - info: Assets built
2021-01-19T22:41:33.368Z - info: Generating pages...
2021-01-19T22:41:33.544Z - info: Pages built
2021-01-19T22:41:33.727Z - info: Site data built
2021-01-19T22:41:33.727Z - info: Website generation complete! Total build time: 0.497s
2021-01-19T22:41:33.743Z - info: Serving "/Users/raysonkoh/Documents/dev/cs3281/test-markbind/_site" at http://127.0.0.1:8080
2021-01-19T22:41:33.743Z - info: Press CTRL+C to stop ...
2021-01-19T22:41:44.037Z - info: Website generation started at 6:41:44 AM
2021-01-19T22:41:44.094Z - info: Building assets...
2021-01-19T22:41:44.126Z - info: Assets built
2021-01-19T22:41:44.126Z - info: Generating pages...
2021-01-19T22:41:44.308Z - info: Pages built
2021-01-19T22:41:44.371Z - info: Site data built
2021-01-19T22:41:44.371Z - info: Website generation complete! Total build time: 0.353s
2021-01-19T22:41:44.382Z - info: Serving "/Users/raysonkoh/Documents/dev/cs3281/test-markbind/_site" at http://127.0.0.1:8080
2021-01-19T22:41:44.382Z - info: Press CTRL+C to stop ...
2021-01-19T22:41:52.741Z - info: Website generation started at 6:41:52 AM
2021-01-19T22:41:52.797Z - info: Building assets...
2021-01-19T22:41:52.827Z - info: Assets built
2021-01-19T22:41:52.827Z - info: Generating pages...
2021-01-19T22:41:53.007Z - info: Pages built
2021-01-19T22:41:53.069Z - info: Site data built
2021-01-19T22:41:53.069Z - info: Website generation complete! Total build time: 0.347s
2021-01-19T22:41:53.084Z - info: Serving "/Users/raysonkoh/Documents/dev/cs3281/test-markbind/_site" at http://127.0.0.1:8080
2021-01-19T22:41:53.084Z - info: Press CTRL+C to stop ...
