2021-02-14T16:07:31.939Z - info: Website generation started at 12:07:31 AM
2021-02-14T16:07:32.068Z - info: Building assets...
2021-02-14T16:07:32.112Z - info: Assets built
2021-02-14T16:07:32.112Z - info: Generating pages...
2021-02-14T16:07:32.297Z - info: Pages built
2021-02-14T16:07:32.395Z - info: Site data built
2021-02-14T16:07:32.395Z - info: Website generation complete! Total build time: 0.508s
2021-02-14T16:07:32.395Z - info: Build success!
2021-02-14T16:12:06.453Z - info: Website generation started at 12:12:06 AM
2021-02-14T16:12:06.594Z - info: Building assets...
2021-02-14T16:12:06.636Z - info: Assets built
2021-02-14T16:12:06.637Z - info: Generating pages...
2021-02-14T16:12:06.822Z - info: Pages built
2021-02-14T16:12:07.063Z - info: Site data built
2021-02-14T16:12:07.063Z - info: Website generation complete! Total build time: 0.643s
2021-02-14T16:12:07.063Z - info: Build success!
2021-02-14T17:24:39.871Z - info: Website generation started at 01:24:39
2021-02-14T17:24:39.993Z - info: Building assets...
2021-02-14T17:24:40.042Z - info: Assets built
2021-02-14T17:24:40.042Z - info: Generating pages...
2021-02-14T17:24:40.233Z - info: Pages built
2021-02-14T17:24:40.393Z - info: Site data built
2021-02-14T17:24:40.394Z - info: Website generation complete! Total build time: 0.558s
2021-02-14T17:24:40.394Z - info: Build success!
