2021-01-12T07:29:17.312Z - info: Initialization success.
2021-01-12T07:29:22.621Z - info: Website generation started at 3:29:22 PM
2021-01-12T07:29:22.659Z - info: Building assets...
2021-01-12T07:29:22.674Z - info: Assets built
2021-01-12T07:29:22.675Z - info: Generating pages...
2021-01-12T07:29:22.858Z - info: Pages built
2021-01-12T07:29:26.718Z - info: Site data built
2021-01-12T07:29:26.718Z - info: Website generation complete! Total build time: 4.101s
2021-01-12T07:29:26.731Z - info: Serving "/Users/raysonkoh/Documents/dev/test-markbind/_site" at http://127.0.0.1:8080
2021-01-12T07:29:26.732Z - info: Press CTRL+C to stop ...
2021-01-12T08:48:56.302Z - info: [4:48:56 PM] Reload for file change: /Users/raysonkoh/Documents/dev/test-markbind/index.md
2021-01-12T08:48:57.311Z - info: Rebuilding 1 pages
2021-01-12T08:48:57.427Z - info: Site data built
2021-01-12T08:48:57.428Z - info: Pages rebuilt
2021-01-12T08:48:57.428Z - info: Website regeneration complete! Total build time: 0.118s
2021-01-12T09:55:54.772Z - info: [5:55:54 PM] Reload for file change: /Users/raysonkoh/Documents/dev/test-markbind/index.md
2021-01-12T09:55:55.777Z - info: Rebuilding 1 pages
2021-01-12T09:55:55.861Z - info: Site data built
2021-01-12T09:55:55.861Z - info: Pages rebuilt
2021-01-12T09:55:55.861Z - info: Website regeneration complete! Total build time: 0.086s
2021-01-12T09:56:08.452Z - info: [5:56:08 PM] Reload for file change: /Users/raysonkoh/Documents/dev/test-markbind/index.md
2021-01-12T09:56:09.454Z - info: Rebuilding 1 pages
2021-01-12T09:56:09.544Z - info: Site data built
2021-01-12T09:56:09.544Z - info: Pages rebuilt
2021-01-12T09:56:09.545Z - info: Website regeneration complete! Total build time: 0.092s
2021-01-12T09:56:30.083Z - info: [5:56:30 PM] Reload for file change: /Users/raysonkoh/Documents/dev/test-markbind/index.md
2021-01-12T09:56:31.085Z - info: Rebuilding 1 pages
2021-01-12T09:56:31.161Z - info: Site data built
2021-01-12T09:56:31.161Z - info: Pages rebuilt
2021-01-12T09:56:31.161Z - info: Website regeneration complete! Total build time: 0.077s
2021-01-12T09:58:51.977Z - info: [5:58:51 PM] Reload for file add: /Users/raysonkoh/Documents/dev/test-markbind/scoreboard.json
2021-01-12T09:58:52.988Z - info: Assets built
2021-01-12T09:58:54.016Z - info: [5:58:54 PM] Reload for file change: /Users/raysonkoh/Documents/dev/test-markbind/scoreboard.json
2021-01-12T09:58:55.022Z - info: Assets built
2021-01-12T09:59:17.048Z - info: [5:59:17 PM] Reload for file change: /Users/raysonkoh/Documents/dev/test-markbind/index.md
2021-01-12T09:59:18.052Z - info: Rebuilding 1 pages
2021-01-12T09:59:18.107Z - info: Site data built
2021-01-12T09:59:18.107Z - info: Pages rebuilt
2021-01-12T09:59:18.107Z - info: Website regeneration complete! Total build time: 0.056s
2021-01-12T10:03:24.085Z - info: [6:03:24 PM] Reload for file change: /Users/raysonkoh/Documents/dev/test-markbind/index.md
2021-01-12T10:03:25.087Z - info: Rebuilding 1 pages
2021-01-12T10:03:25.138Z - info: Site data built
2021-01-12T10:03:25.138Z - info: Pages rebuilt
2021-01-12T10:03:25.138Z - info: Website regeneration complete! Total build time: 0.052s
2021-01-12T10:03:33.153Z - info: [6:03:33 PM] Reload for file change: /Users/raysonkoh/Documents/dev/test-markbind/index.md
2021-01-12T10:03:34.158Z - info: Rebuilding 1 pages
2021-01-12T10:03:34.231Z - info: Site data built
2021-01-12T10:03:34.231Z - info: Pages rebuilt
2021-01-12T10:03:34.231Z - info: Website regeneration complete! Total build time: 0.073s
2021-01-12T10:13:56.349Z - info: [6:13:56 PM] Reload for file change: /Users/raysonkoh/Documents/dev/test-markbind/index.md
2021-01-12T10:13:57.352Z - info: Rebuilding 1 pages
2021-01-12T10:13:57.409Z - info: Site data built
2021-01-12T10:13:57.409Z - info: Pages rebuilt
2021-01-12T10:13:57.409Z - info: Website regeneration complete! Total build time: 0.058s
2021-01-12T10:14:14.999Z - info: [6:14:14 PM] Reload for file change: /Users/raysonkoh/Documents/dev/test-markbind/_markbind/variables.md
2021-01-12T10:14:16.004Z - warn: Rebuilding all pages as variables file was changed, or the --force-reload flag was set
2021-01-12T10:14:16.004Z - info: Rebuilding 5 pages
2021-01-12T10:14:16.086Z - info: Site data built
2021-01-12T10:14:16.087Z - info: Pages rebuilt
2021-01-12T10:14:16.087Z - info: Website regeneration complete! Total build time: 0.087s
2021-01-12T10:15:02.114Z - info: [6:15:02 PM] Reload for file change: /Users/raysonkoh/Documents/dev/test-markbind/_markbind/variables.md
2021-01-12T10:15:03.122Z - warn: Rebuilding all pages as variables file was changed, or the --force-reload flag was set
2021-01-12T10:15:03.123Z - info: Rebuilding 5 pages
2021-01-12T10:15:03.198Z - info: Site data built
2021-01-12T10:15:03.198Z - info: Pages rebuilt
2021-01-12T10:15:03.198Z - info: Website regeneration complete! Total build time: 0.079s
2021-01-12T10:15:05.477Z - info: [6:15:05 PM] Reload for file change: /Users/raysonkoh/Documents/dev/test-markbind/_markbind/variables.md
2021-01-12T10:15:06.480Z - warn: Rebuilding all pages as variables file was changed, or the --force-reload flag was set
2021-01-12T10:15:06.480Z - info: Rebuilding 5 pages
2021-01-12T10:15:06.532Z - info: Site data built
2021-01-12T10:15:06.533Z - info: Pages rebuilt
2021-01-12T10:15:06.533Z - info: Website regeneration complete! Total build time: 0.055s
2021-01-12T10:15:26.160Z - info: [6:15:26 PM] Reload for file change: /Users/raysonkoh/Documents/dev/test-markbind/_markbind/variables.md
2021-01-12T10:15:27.163Z - warn: Rebuilding all pages as variables file was changed, or the --force-reload flag was set
2021-01-12T10:15:27.164Z - info: Rebuilding 5 pages
2021-01-12T10:15:27.243Z - info: Site data built
2021-01-12T10:15:27.243Z - info: Pages rebuilt
2021-01-12T10:15:27.243Z - info: Website regeneration complete! Total build time: 0.082s
2021-01-12T10:20:52.781Z - info: [6:20:52 PM] Reload for file change: /Users/raysonkoh/Documents/dev/test-markbind/_markbind/variables.md
2021-01-12T10:20:53.784Z - warn: Rebuilding all pages as variables file was changed, or the --force-reload flag was set
2021-01-12T10:20:53.785Z - info: Rebuilding 5 pages
2021-01-12T10:20:53.846Z - info: Site data built
2021-01-12T10:20:53.846Z - info: Pages rebuilt
2021-01-12T10:20:53.846Z - info: Website regeneration complete! Total build time: 0.063s
2021-01-12T10:21:04.423Z - info: [6:21:04 PM] Reload for file change: /Users/raysonkoh/Documents/dev/test-markbind/_markbind/variables.md
2021-01-12T10:21:05.430Z - warn: Rebuilding all pages as variables file was changed, or the --force-reload flag was set
2021-01-12T10:21:05.431Z - info: Rebuilding 5 pages
2021-01-12T10:21:05.487Z - info: Site data built
2021-01-12T10:21:05.487Z - info: Pages rebuilt
2021-01-12T10:21:05.487Z - info: Website regeneration complete! Total build time: 0.059s
2021-01-12T10:21:37.841Z - info: [6:21:37 PM] Reload for file change: /Users/raysonkoh/Documents/dev/test-markbind/_markbind/variables.json
2021-01-12T10:21:38.846Z - info: Assets built
2021-01-12T10:21:50.283Z - info: [6:21:50 PM] Reload for file change: /Users/raysonkoh/Documents/dev/test-markbind/_markbind/variables.json
2021-01-12T10:21:51.290Z - info: Assets built
2021-01-12T10:22:01.284Z - info: Website generation started at 6:22:01 PM
2021-01-12T10:22:01.341Z - info: Building assets...
2021-01-12T10:22:01.350Z - info: Assets built
2021-01-12T10:22:01.351Z - info: Generating pages...
2021-01-12T10:22:01.598Z - info: Pages built
2021-01-12T10:22:01.855Z - info: Site data built
2021-01-12T10:22:01.855Z - info: Website generation complete! Total build time: 0.596s
2021-01-12T10:22:01.900Z - info: Serving "/Users/raysonkoh/Documents/dev/test-markbind/_site" at http://127.0.0.1:8080
2021-01-12T10:22:01.900Z - info: Press CTRL+C to stop ...
2021-01-12T10:24:57.101Z - info: Website generation started at 6:24:57 PM
2021-01-12T10:24:57.153Z - info: 0, [object Object]
2021-01-12T10:24:57.157Z - info: 1, [object Object]
2021-01-12T10:24:57.158Z - info: Building assets...
2021-01-12T10:24:57.169Z - info: Assets built
2021-01-12T10:24:57.170Z - info: Generating pages...
2021-01-12T10:24:57.362Z - info: Pages built
2021-01-12T10:24:57.566Z - info: Site data built
2021-01-12T10:24:57.567Z - info: Website generation complete! Total build time: 0.496s
2021-01-12T10:24:57.595Z - info: Serving "/Users/raysonkoh/Documents/dev/test-markbind/_site" at http://127.0.0.1:8080
2021-01-12T10:24:57.595Z - info: Press CTRL+C to stop ...
2021-01-12T10:25:08.780Z - info: Website generation started at 6:25:08 PM
2021-01-12T10:25:08.820Z - info: 0, [object Object]
2021-01-12T10:25:08.824Z - info: 1, [object Object]
2021-01-12T10:25:08.825Z - info: Building assets...
2021-01-12T10:25:08.835Z - info: Assets built
2021-01-12T10:25:08.836Z - info: Generating pages...
2021-01-12T10:25:09.023Z - info: Pages built
2021-01-12T10:25:09.096Z - info: Site data built
2021-01-12T10:25:09.096Z - info: Website generation complete! Total build time: 0.336s
2021-01-12T10:25:09.096Z - info: Build success!
