2020-12-12T03:05:39.442Z - info: Website generation started at 11:05:39
2020-12-12T03:05:39.509Z - info: Building assets...
2020-12-12T03:05:39.531Z - info: Assets built
2020-12-12T03:05:39.531Z - info: Generating pages...
2020-12-12T03:05:40.696Z - info: Pages built
2020-12-12T03:05:43.948Z - info: Site data built
2020-12-12T03:05:43.949Z - info: Website generation complete! Total build time: 4.585s
2020-12-12T03:05:43.975Z - info: Serving "/Users/raysonkoh/Documents/test-markbind/_site" at http://127.0.0.1:8080
2020-12-12T03:05:43.975Z - info: Press CTRL+C to stop ...
2020-12-12T04:39:50.453Z - info: Website generation started at 12:39:50
2020-12-12T04:39:50.503Z - info: Building assets...
2020-12-12T04:39:50.522Z - info: Assets built
2020-12-12T04:39:50.523Z - info: Generating pages...
2020-12-12T04:39:50.562Z - error: 'default.md' layout does not exist
2020-12-12T04:39:50.562Z - error: 'default.md' layout does not exist
2020-12-12T04:39:50.563Z - error: 'default.md' layout does not exist
2020-12-12T04:39:50.563Z - error: 'default.md' layout does not exist
2020-12-12T04:39:50.638Z - error: 'default.md' layout does not exist
2020-12-12T04:39:50.704Z - info: Pages built
2020-12-12T04:39:54.440Z - info: Site data built
2020-12-12T04:39:54.440Z - info: Website generation complete! Total build time: 4.027s
2020-12-12T04:39:54.460Z - info: Serving "/Users/raysonkoh/Documents/test-markbind/_site" at http://127.0.0.1:8080
2020-12-12T04:39:54.460Z - info: Press CTRL+C to stop ...
2020-12-12T04:40:44.310Z - info: [12:40:44] Reload for file change: /Users/raysonkoh/Documents/test-markbind/index.md
2020-12-12T04:40:45.318Z - info: Rebuilding 1 pages
2020-12-12T04:40:45.370Z - error: 'default.md' layout does not exist
2020-12-12T04:40:45.432Z - info: Site data built
2020-12-12T04:40:45.433Z - info: Pages rebuilt
2020-12-12T04:40:45.433Z - info: Website regeneration complete! Total build time: 0.115s
2020-12-12T04:42:38.661Z - info: [12:42:38] Reload for file change: /Users/raysonkoh/Documents/test-markbind/index.md
2020-12-12T04:42:39.665Z - info: Rebuilding 1 pages
2020-12-12T04:42:39.686Z - error: 'default.md' layout does not exist
2020-12-12T04:42:39.741Z - info: Site data built
2020-12-12T04:42:39.741Z - info: Pages rebuilt
2020-12-12T04:42:39.742Z - info: Website regeneration complete! Total build time: 0.076s
2020-12-12T04:43:29.246Z - info: [12:43:29] Reload for file change: /Users/raysonkoh/Documents/test-markbind/index.md
2020-12-12T04:43:30.247Z - info: Rebuilding 1 pages
2020-12-12T04:43:30.279Z - error: 'default.md' layout does not exist
2020-12-12T04:43:30.341Z - info: Site data built
2020-12-12T04:43:30.341Z - info: Pages rebuilt
2020-12-12T04:43:30.342Z - info: Website regeneration complete! Total build time: 0.094s
2020-12-12T04:43:30.346Z - info: [12:43:30] Reload for file change: /Users/raysonkoh/Documents/test-markbind/index.md
2020-12-12T04:43:31.350Z - info: Rebuilding 1 pages
2020-12-12T04:43:31.367Z - error: 'default.md' layout does not exist
2020-12-12T04:43:31.436Z - info: Site data built
2020-12-12T04:43:31.436Z - info: Pages rebuilt
2020-12-12T04:43:31.436Z - info: Website regeneration complete! Total build time: 0.086s
2020-12-12T04:44:28.956Z - info: [12:44:28] Reload for file change: /Users/raysonkoh/Documents/test-markbind/index.md
2020-12-12T04:44:29.959Z - info: Rebuilding 1 pages
2020-12-12T04:44:29.987Z - error: 'default.md' layout does not exist
2020-12-12T04:44:30.059Z - info: Site data built
2020-12-12T04:44:30.060Z - info: Pages rebuilt
2020-12-12T04:44:30.060Z - info: Website regeneration complete! Total build time: 0.103s
2020-12-12T04:45:07.217Z - info: [12:45:07] Reload for file change: /Users/raysonkoh/Documents/test-markbind/index.md
2020-12-12T04:45:08.222Z - info: Rebuilding 1 pages
2020-12-12T04:45:08.241Z - error: 'default.md' layout does not exist
2020-12-12T04:45:08.302Z - info: Site data built
2020-12-12T04:45:08.303Z - info: Pages rebuilt
2020-12-12T04:45:08.303Z - info: Website regeneration complete! Total build time: 0.082s
2020-12-12T04:46:18.017Z - info: [12:46:18] Reload for file change: /Users/raysonkoh/Documents/test-markbind/index.md
2020-12-12T04:46:19.021Z - info: Rebuilding 1 pages
2020-12-12T04:46:19.042Z - error: 'default.md' layout does not exist
2020-12-12T04:46:19.135Z - info: Site data built
2020-12-12T04:46:19.135Z - info: Pages rebuilt
2020-12-12T04:46:19.135Z - info: Website regeneration complete! Total build time: 0.115s
