2021-01-17T04:00:33.215Z - info: Website generation started at 12:00:33 PM
2021-01-17T04:00:33.297Z - info: Building assets...
2021-01-17T04:00:33.319Z - info: Assets built
2021-01-17T04:00:33.320Z - info: Generating pages...
2021-01-17T04:00:33.507Z - info: Pages built
2021-01-17T04:00:33.627Z - info: Site data built
2021-01-17T04:00:33.627Z - info: Website generation complete! Total build time: 0.436s
2021-01-17T04:00:33.648Z - info: Serving "/Users/raysonkoh/Documents/dev/cs3281/test-markbind/_site" at http://127.0.0.1:8080
2021-01-17T04:00:33.648Z - info: Press CTRL+C to stop ...
2021-01-17T04:00:45.444Z - info: [12:00:45 PM] Reload for file change: /Users/raysonkoh/Documents/dev/cs3281/test-markbind/index.md
2021-01-17T04:00:45.543Z - info: [12:00:45 PM] Reload for file change: /Users/raysonkoh/Documents/dev/cs3281/test-markbind/index.md
2021-01-17T04:00:46.448Z - info: Rebuilding 1 pages
2021-01-17T04:00:46.536Z - info: Site data built
2021-01-17T04:00:46.536Z - info: Pages rebuilt
2021-01-17T04:00:46.536Z - info: Website regeneration complete! Total build time: 0.089s
2021-01-17T04:00:54.464Z - info: [12:00:54 PM] Reload for file change: /Users/raysonkoh/Documents/dev/cs3281/test-markbind/index.md
2021-01-17T04:00:55.469Z - info: Rebuilding 1 pages
2021-01-17T04:00:55.578Z - info: Site data built
2021-01-17T04:00:55.579Z - info: Pages rebuilt
2021-01-17T04:00:55.579Z - info: Website regeneration complete! Total build time: 0.11s
2021-01-17T04:04:04.525Z - info: [12:04:04 PM] Reload for file change: /Users/raysonkoh/Documents/dev/cs3281/test-markbind/index.md
2021-01-17T04:04:05.528Z - info: Rebuilding 1 pages
2021-01-17T04:04:05.653Z - info: Site data built
2021-01-17T04:04:05.653Z - info: Pages rebuilt
2021-01-17T04:04:05.653Z - info: Website regeneration complete! Total build time: 0.127s
2021-01-17T04:05:24.329Z - info: [12:05:24 PM] Reload for file change: /Users/raysonkoh/Documents/dev/cs3281/test-markbind/index.md
2021-01-17T04:05:25.330Z - info: Rebuilding 1 pages
2021-01-17T04:05:25.417Z - info: Site data built
2021-01-17T04:05:25.417Z - info: Pages rebuilt
2021-01-17T04:05:25.417Z - info: Website regeneration complete! Total build time: 0.088s
2021-01-17T04:06:19.450Z - info: [12:06:19 PM] Reload for file change: /Users/raysonkoh/Documents/dev/cs3281/test-markbind/site.json
2021-01-17T04:06:20.454Z - info: Assets built
2021-01-17T04:06:28.117Z - info: Website generation started at 12:06:28 PM
2021-01-17T04:06:28.191Z - info: Building assets...
2021-01-17T04:06:28.215Z - info: Assets built
2021-01-17T04:06:28.215Z - info: Generating pages...
2021-01-17T04:06:28.398Z - info: Pages built
2021-01-17T04:06:28.627Z - info: Site data built
2021-01-17T04:06:28.627Z - info: Website generation complete! Total build time: 0.534s
2021-01-17T04:06:28.646Z - info: Serving "/Users/raysonkoh/Documents/dev/cs3281/test-markbind/_site" at http://127.0.0.1:8080
2021-01-17T04:06:28.646Z - info: Press CTRL+C to stop ...
2021-01-17T04:06:45.541Z - info: [12:06:45 PM] Reload for file change: /Users/raysonkoh/Documents/dev/cs3281/test-markbind/site.json
2021-01-17T04:06:46.546Z - info: Assets built
2021-01-17T04:06:52.979Z - info: Website generation started at 12:06:52 PM
2021-01-17T04:06:53.031Z - info: Building assets...
2021-01-17T04:06:53.053Z - info: Assets built
2021-01-17T04:06:53.054Z - info: Generating pages...
2021-01-17T04:06:53.237Z - info: Pages built
2021-01-17T04:06:53.303Z - info: Site data built
2021-01-17T04:06:53.304Z - info: Website generation complete! Total build time: 0.346s
2021-01-17T04:06:53.313Z - info: Serving "/Users/raysonkoh/Documents/dev/cs3281/test-markbind/_site" at http://127.0.0.1:8080
2021-01-17T04:06:53.313Z - info: Press CTRL+C to stop ...
2021-01-17T04:14:33.522Z - info: [12:14:33 PM] Reload for file change: /Users/raysonkoh/Documents/dev/cs3281/test-markbind/index.md
2021-01-17T04:14:34.525Z - info: Rebuilding 1 pages
2021-01-17T04:14:34.627Z - info: Site data built
2021-01-17T04:14:34.628Z - info: Pages rebuilt
2021-01-17T04:14:34.628Z - info: Website regeneration complete! Total build time: 0.104s
2021-01-17T04:15:36.335Z - info: [12:15:36 PM] Reload for file change: /Users/raysonkoh/Documents/dev/cs3281/test-markbind/index.md
2021-01-17T04:15:37.338Z - info: Rebuilding 1 pages
2021-01-17T04:15:37.343Z - error:  Template render error: (/Users/raysonkoh/Documents/dev/cs3281/test-markbind/index.md) [Line 21, Column 3]
  unexpected token: %
    at Object._prettifyError (/Users/raysonkoh/Documents/dev/cs3281/markbind/node_modules/nunjucks/src/lib.js:36:11)
    at Template.render (/Users/raysonkoh/Documents/dev/cs3281/markbind/packages/core/src/patches/nunjucks/context-overrides-frame.js:358:19)
    at /Users/raysonkoh/Documents/dev/cs3281/markbind/packages/core/src/patches/nunjucks/context-overrides-frame.js:54:25
    at createTemplate (/Users/raysonkoh/Documents/dev/cs3281/markbind/packages/core/src/patches/nunjucks/load-event.js:121:7)
    at handle (/Users/raysonkoh/Documents/dev/cs3281/markbind/packages/core/src/patches/nunjucks/load-event.js:133:9)
    at /Users/raysonkoh/Documents/dev/cs3281/markbind/packages/core/src/patches/nunjucks/load-event.js:145:7
    at next (/Users/raysonkoh/Documents/dev/cs3281/markbind/node_modules/nunjucks/src/lib.js:326:7)
    at Object.asyncIter (/Users/raysonkoh/Documents/dev/cs3281/markbind/node_modules/nunjucks/src/lib.js:332:3)
    at Environment.getTemplate (/Users/raysonkoh/Documents/dev/cs3281/markbind/packages/core/src/patches/nunjucks/load-event.js:127:7)
    at Environment.render (/Users/raysonkoh/Documents/dev/cs3281/markbind/packages/core/src/patches/nunjucks/context-overrides-frame.js:48:8)
    at VariableRenderer.renderFile (/Users/raysonkoh/Documents/dev/cs3281/markbind/packages/core/src/variables/VariableRenderer.js:58:20)
    at VariableProcessor.renderWithSiteVariables (/Users/raysonkoh/Documents/dev/cs3281/markbind/packages/core/src/variables/VariableProcessor.js:156:53)
    at Page.generate (/Users/raysonkoh/Documents/dev/cs3281/markbind/packages/core/src/Page/index.js:454:37)
    at /Users/raysonkoh/Documents/dev/cs3281/markbind/packages/core/src/Site/index.js:861:64
    at /Users/raysonkoh/Documents/dev/cs3281/markbind/packages/core/src/Site/index.js:883:34
    at Array.forEach (<anonymous>)
2021-01-17T04:15:37.344Z - warn:  Error: Error while generating undefined
    at /Users/raysonkoh/Documents/dev/cs3281/markbind/packages/core/src/Site/index.js:874:18
2021-01-17T04:16:37.085Z - info: [12:16:37 PM] Reload for file change: /Users/raysonkoh/Documents/dev/cs3281/test-markbind/index.md
2021-01-17T04:16:38.091Z - info: Rebuilding 1 pages
2021-01-17T04:16:38.112Z - error:  Template render error: (/Users/raysonkoh/Documents/dev/cs3281/test-markbind/index.md) [Line 23, Column 3]
  unexpected token: %
    at Object._prettifyError (/Users/raysonkoh/Documents/dev/cs3281/markbind/node_modules/nunjucks/src/lib.js:36:11)
    at Template.render (/Users/raysonkoh/Documents/dev/cs3281/markbind/packages/core/src/patches/nunjucks/context-overrides-frame.js:358:19)
    at /Users/raysonkoh/Documents/dev/cs3281/markbind/packages/core/src/patches/nunjucks/context-overrides-frame.js:54:25
    at createTemplate (/Users/raysonkoh/Documents/dev/cs3281/markbind/packages/core/src/patches/nunjucks/load-event.js:121:7)
    at handle (/Users/raysonkoh/Documents/dev/cs3281/markbind/packages/core/src/patches/nunjucks/load-event.js:133:9)
    at /Users/raysonkoh/Documents/dev/cs3281/markbind/packages/core/src/patches/nunjucks/load-event.js:145:7
    at next (/Users/raysonkoh/Documents/dev/cs3281/markbind/node_modules/nunjucks/src/lib.js:326:7)
    at Object.asyncIter (/Users/raysonkoh/Documents/dev/cs3281/markbind/node_modules/nunjucks/src/lib.js:332:3)
    at Environment.getTemplate (/Users/raysonkoh/Documents/dev/cs3281/markbind/packages/core/src/patches/nunjucks/load-event.js:127:7)
    at Environment.render (/Users/raysonkoh/Documents/dev/cs3281/markbind/packages/core/src/patches/nunjucks/context-overrides-frame.js:48:8)
    at VariableRenderer.renderFile (/Users/raysonkoh/Documents/dev/cs3281/markbind/packages/core/src/variables/VariableRenderer.js:58:20)
    at VariableProcessor.renderWithSiteVariables (/Users/raysonkoh/Documents/dev/cs3281/markbind/packages/core/src/variables/VariableProcessor.js:156:53)
    at Page.generate (/Users/raysonkoh/Documents/dev/cs3281/markbind/packages/core/src/Page/index.js:454:37)
    at /Users/raysonkoh/Documents/dev/cs3281/markbind/packages/core/src/Site/index.js:861:64
    at /Users/raysonkoh/Documents/dev/cs3281/markbind/packages/core/src/Site/index.js:883:34
    at Array.forEach (<anonymous>)
2021-01-17T04:16:38.112Z - warn:  Error: Error while generating undefined
    at /Users/raysonkoh/Documents/dev/cs3281/markbind/packages/core/src/Site/index.js:874:18
2021-01-17T04:16:51.882Z - info: [12:16:51 PM] Reload for file change: /Users/raysonkoh/Documents/dev/cs3281/test-markbind/index.md
2021-01-17T04:16:52.890Z - info: Rebuilding 1 pages
2021-01-17T04:16:53.007Z - info: Site data built
2021-01-17T04:16:53.007Z - info: Pages rebuilt
2021-01-17T04:16:53.008Z - info: Website regeneration complete! Total build time: 0.12s
2021-01-17T04:17:10.698Z - info: [12:17:10 PM] Reload for file change: /Users/raysonkoh/Documents/dev/cs3281/test-markbind/index.md
2021-01-17T04:17:11.704Z - info: Rebuilding 1 pages
2021-01-17T04:17:11.810Z - info: Site data built
2021-01-17T04:17:11.811Z - info: Pages rebuilt
2021-01-17T04:17:11.811Z - info: Website regeneration complete! Total build time: 0.108s
2021-01-17T04:18:11.280Z - info: [12:18:11 PM] Reload for file change: /Users/raysonkoh/Documents/dev/cs3281/test-markbind/index.md
2021-01-17T04:18:12.283Z - info: Rebuilding 1 pages
2021-01-17T04:18:12.382Z - info: Site data built
2021-01-17T04:18:12.382Z - info: Pages rebuilt
2021-01-17T04:18:12.382Z - info: Website regeneration complete! Total build time: 0.1s
2021-01-17T04:18:27.834Z - info: [12:18:27 PM] Reload for file change: /Users/raysonkoh/Documents/dev/cs3281/test-markbind/index.md
2021-01-17T04:18:28.841Z - info: Rebuilding 1 pages
2021-01-17T04:18:28.916Z - info: Site data built
2021-01-17T04:18:28.916Z - info: Pages rebuilt
2021-01-17T04:18:28.916Z - info: Website regeneration complete! Total build time: 0.076s
2021-01-17T04:18:38.919Z - info: [12:18:38 PM] Reload for file change: /Users/raysonkoh/Documents/dev/cs3281/test-markbind/index.md
2021-01-17T04:18:39.923Z - info: Rebuilding 1 pages
2021-01-17T04:18:40.001Z - info: Site data built
2021-01-17T04:18:40.001Z - info: Pages rebuilt
2021-01-17T04:18:40.001Z - info: Website regeneration complete! Total build time: 0.079s
2021-01-17T04:18:44.303Z - info: [12:18:44 PM] Reload for file change: /Users/raysonkoh/Documents/dev/cs3281/test-markbind/index.md
2021-01-17T04:18:45.309Z - info: Rebuilding 1 pages
2021-01-17T04:18:45.382Z - info: Site data built
2021-01-17T04:18:45.382Z - info: Pages rebuilt
2021-01-17T04:18:45.382Z - info: Website regeneration complete! Total build time: 0.074s
2021-01-17T04:19:00.300Z - info: [12:19:00 PM] Reload for file change: /Users/raysonkoh/Documents/dev/cs3281/test-markbind/index.md
2021-01-17T04:19:01.309Z - info: Rebuilding 1 pages
2021-01-17T04:19:01.380Z - info: Site data built
2021-01-17T04:19:01.380Z - info: Pages rebuilt
2021-01-17T04:19:01.380Z - info: Website regeneration complete! Total build time: 0.071s
2021-01-17T04:19:08.451Z - info: [12:19:08 PM] Reload for file change: /Users/raysonkoh/Documents/dev/cs3281/test-markbind/index.md
2021-01-17T04:19:08.551Z - info: [12:19:08 PM] Reload for file change: /Users/raysonkoh/Documents/dev/cs3281/test-markbind/index.md
2021-01-17T04:19:09.455Z - info: Rebuilding 1 pages
2021-01-17T04:19:09.553Z - info: Site data built
2021-01-17T04:19:09.553Z - info: Pages rebuilt
2021-01-17T04:19:09.553Z - info: Website regeneration complete! Total build time: 0.099s
2021-01-17T04:19:50.476Z - info: [12:19:50 PM] Reload for file change: /Users/raysonkoh/Documents/dev/cs3281/test-markbind/index.md
2021-01-17T04:19:51.478Z - info: Rebuilding 1 pages
2021-01-17T04:19:51.547Z - info: Site data built
2021-01-17T04:19:51.547Z - info: Pages rebuilt
2021-01-17T04:19:51.547Z - info: Website regeneration complete! Total build time: 0.07s
2021-01-17T04:20:00.718Z - info: [12:20:00 PM] Reload for file change: /Users/raysonkoh/Documents/dev/cs3281/test-markbind/index.md
2021-01-17T04:20:01.724Z - info: Rebuilding 1 pages
2021-01-17T04:20:01.803Z - info: Site data built
2021-01-17T04:20:01.803Z - info: Pages rebuilt
2021-01-17T04:20:01.803Z - info: Website regeneration complete! Total build time: 0.08s
2021-01-17T04:20:34.591Z - info: [12:20:34 PM] Reload for file change: /Users/raysonkoh/Documents/dev/cs3281/test-markbind/index.md
2021-01-17T04:20:35.596Z - info: Rebuilding 1 pages
2021-01-17T04:20:35.666Z - info: Site data built
2021-01-17T04:20:35.666Z - info: Pages rebuilt
2021-01-17T04:20:35.666Z - info: Website regeneration complete! Total build time: 0.072s
2021-01-17T04:20:47.276Z - info: [12:20:47 PM] Reload for file change: /Users/raysonkoh/Documents/dev/cs3281/test-markbind/index.md
2021-01-17T04:20:47.377Z - info: [12:20:47 PM] Reload for file change: /Users/raysonkoh/Documents/dev/cs3281/test-markbind/index.md
2021-01-17T04:20:48.282Z - info: Rebuilding 1 pages
2021-01-17T04:20:48.379Z - info: Site data built
2021-01-17T04:20:48.379Z - info: Pages rebuilt
2021-01-17T04:20:48.379Z - info: Website regeneration complete! Total build time: 0.098s
2021-01-17T04:21:45.415Z - info: [12:21:45 PM] Reload for file change: /Users/raysonkoh/Documents/dev/cs3281/test-markbind/index.md
2021-01-17T04:21:46.416Z - info: Rebuilding 1 pages
2021-01-17T04:21:46.484Z - info: Site data built
2021-01-17T04:21:46.484Z - info: Pages rebuilt
2021-01-17T04:21:46.484Z - info: Website regeneration complete! Total build time: 0.069s
2021-01-17T04:21:48.766Z - info: [12:21:48 PM] Reload for file change: /Users/raysonkoh/Documents/dev/cs3281/test-markbind/index.md
2021-01-17T04:21:48.867Z - info: [12:21:48 PM] Reload for file change: /Users/raysonkoh/Documents/dev/cs3281/test-markbind/index.md
2021-01-17T04:21:49.768Z - info: Rebuilding 1 pages
2021-01-17T04:21:49.833Z - info: Site data built
2021-01-17T04:21:49.834Z - info: Pages rebuilt
2021-01-17T04:21:49.834Z - info: Website regeneration complete! Total build time: 0.066s
2021-01-17T04:21:57.210Z - info: [12:21:57 PM] Reload for file change: /Users/raysonkoh/Documents/dev/cs3281/test-markbind/index.md
2021-01-17T04:21:58.215Z - info: Rebuilding 1 pages
2021-01-17T04:21:58.274Z - info: Site data built
2021-01-17T04:21:58.274Z - info: Pages rebuilt
2021-01-17T04:21:58.274Z - info: Website regeneration complete! Total build time: 0.06s
2021-01-17T04:23:24.836Z - info: [12:23:24 PM] Reload for file change: /Users/raysonkoh/Documents/dev/cs3281/test-markbind/index.md
2021-01-17T04:23:25.839Z - info: Rebuilding 1 pages
2021-01-17T04:23:25.938Z - info: Site data built
2021-01-17T04:23:25.938Z - info: Pages rebuilt
2021-01-17T04:23:25.939Z - info: Website regeneration complete! Total build time: 0.101s
2021-01-17T04:24:18.617Z - info: [12:24:18 PM] Reload for file change: /Users/raysonkoh/Documents/dev/cs3281/test-markbind/index.md
2021-01-17T04:24:19.618Z - info: Rebuilding 1 pages
2021-01-17T04:24:19.621Z - error:  Template render error: (/Users/raysonkoh/Documents/dev/cs3281/test-markbind/index.md) [Line 23, Column 3]
  unexpected token: %
    at Object._prettifyError (/Users/raysonkoh/Documents/dev/cs3281/markbind/node_modules/nunjucks/src/lib.js:36:11)
    at Template.render (/Users/raysonkoh/Documents/dev/cs3281/markbind/packages/core/src/patches/nunjucks/context-overrides-frame.js:358:19)
    at /Users/raysonkoh/Documents/dev/cs3281/markbind/packages/core/src/patches/nunjucks/context-overrides-frame.js:54:25
    at createTemplate (/Users/raysonkoh/Documents/dev/cs3281/markbind/packages/core/src/patches/nunjucks/load-event.js:121:7)
    at handle (/Users/raysonkoh/Documents/dev/cs3281/markbind/packages/core/src/patches/nunjucks/load-event.js:133:9)
    at /Users/raysonkoh/Documents/dev/cs3281/markbind/packages/core/src/patches/nunjucks/load-event.js:145:7
    at next (/Users/raysonkoh/Documents/dev/cs3281/markbind/node_modules/nunjucks/src/lib.js:326:7)
    at Object.asyncIter (/Users/raysonkoh/Documents/dev/cs3281/markbind/node_modules/nunjucks/src/lib.js:332:3)
    at Environment.getTemplate (/Users/raysonkoh/Documents/dev/cs3281/markbind/packages/core/src/patches/nunjucks/load-event.js:127:7)
    at Environment.render (/Users/raysonkoh/Documents/dev/cs3281/markbind/packages/core/src/patches/nunjucks/context-overrides-frame.js:48:8)
    at VariableRenderer.renderFile (/Users/raysonkoh/Documents/dev/cs3281/markbind/packages/core/src/variables/VariableRenderer.js:58:20)
    at VariableProcessor.renderWithSiteVariables (/Users/raysonkoh/Documents/dev/cs3281/markbind/packages/core/src/variables/VariableProcessor.js:156:53)
    at Page.generate (/Users/raysonkoh/Documents/dev/cs3281/markbind/packages/core/src/Page/index.js:454:37)
    at /Users/raysonkoh/Documents/dev/cs3281/markbind/packages/core/src/Site/index.js:861:64
    at /Users/raysonkoh/Documents/dev/cs3281/markbind/packages/core/src/Site/index.js:883:34
    at Array.forEach (<anonymous>)
2021-01-17T04:24:19.622Z - warn:  Error: Error while generating undefined
    at /Users/raysonkoh/Documents/dev/cs3281/markbind/packages/core/src/Site/index.js:874:18
2021-01-17T04:24:25.112Z - info: Website generation started at 12:24:25 PM
2021-01-17T04:24:25.186Z - info: Building assets...
2021-01-17T04:24:25.209Z - info: Assets built
2021-01-17T04:24:25.209Z - info: Generating pages...
2021-01-17T04:24:25.301Z - error:  Template render error: (/Users/raysonkoh/Documents/dev/cs3281/test-markbind/index.md) [Line 23, Column 3]
  unexpected token: %
    at Object._prettifyError (/Users/raysonkoh/Documents/dev/cs3281/markbind/node_modules/nunjucks/src/lib.js:36:11)
    at Template.render (/Users/raysonkoh/Documents/dev/cs3281/markbind/packages/core/src/patches/nunjucks/context-overrides-frame.js:358:19)
    at /Users/raysonkoh/Documents/dev/cs3281/markbind/packages/core/src/patches/nunjucks/context-overrides-frame.js:54:25
    at createTemplate (/Users/raysonkoh/Documents/dev/cs3281/markbind/packages/core/src/patches/nunjucks/load-event.js:121:7)
    at handle (/Users/raysonkoh/Documents/dev/cs3281/markbind/packages/core/src/patches/nunjucks/load-event.js:133:9)
    at /Users/raysonkoh/Documents/dev/cs3281/markbind/packages/core/src/patches/nunjucks/load-event.js:145:7
    at next (/Users/raysonkoh/Documents/dev/cs3281/markbind/node_modules/nunjucks/src/lib.js:326:7)
    at Object.asyncIter (/Users/raysonkoh/Documents/dev/cs3281/markbind/node_modules/nunjucks/src/lib.js:332:3)
    at Environment.getTemplate (/Users/raysonkoh/Documents/dev/cs3281/markbind/packages/core/src/patches/nunjucks/load-event.js:127:7)
    at Environment.render (/Users/raysonkoh/Documents/dev/cs3281/markbind/packages/core/src/patches/nunjucks/context-overrides-frame.js:48:8)
    at VariableRenderer.renderFile (/Users/raysonkoh/Documents/dev/cs3281/markbind/packages/core/src/variables/VariableRenderer.js:58:20)
    at VariableProcessor.renderWithSiteVariables (/Users/raysonkoh/Documents/dev/cs3281/markbind/packages/core/src/variables/VariableProcessor.js:156:53)
    at Page.generate (/Users/raysonkoh/Documents/dev/cs3281/markbind/packages/core/src/Page/index.js:454:37)
    at /Users/raysonkoh/Documents/dev/cs3281/markbind/packages/core/src/Site/index.js:861:64
    at /Users/raysonkoh/Documents/dev/cs3281/markbind/packages/core/src/Site/index.js:867:38
2021-01-17T04:24:25.305Z - warn:  Error: Error while generating undefined
    at /Users/raysonkoh/Documents/dev/cs3281/markbind/packages/core/src/Site/index.js:874:18
2021-01-17T04:24:25.535Z - info: Site data built
2021-01-17T04:24:25.535Z - info: Website generation complete! Total build time: 0.448s
2021-01-17T04:24:25.551Z - info: Serving "/Users/raysonkoh/Documents/dev/cs3281/test-markbind/_site" at http://127.0.0.1:8080
2021-01-17T04:24:25.552Z - info: Press CTRL+C to stop ...
2021-01-17T04:25:50.129Z - info: [12:25:50 PM] Reload for file change: /Users/raysonkoh/Documents/dev/cs3281/test-markbind/index.md
2021-01-17T04:25:51.135Z - info: Rebuilding 1 pages
2021-01-17T04:25:51.257Z - info: Site data built
2021-01-17T04:25:51.257Z - info: Pages rebuilt
2021-01-17T04:25:51.257Z - info: Website regeneration complete! Total build time: 0.123s
2021-01-17T04:25:57.204Z - info: Website generation started at 12:25:57 PM
2021-01-17T04:25:57.254Z - info: Building assets...
2021-01-17T04:25:57.276Z - info: Assets built
2021-01-17T04:25:57.277Z - info: Generating pages...
2021-01-17T04:25:57.465Z - info: Pages built
2021-01-17T04:25:57.692Z - info: Site data built
2021-01-17T04:25:57.692Z - info: Website generation complete! Total build time: 0.506s
2021-01-17T04:25:57.707Z - info: Serving "/Users/raysonkoh/Documents/dev/cs3281/test-markbind/_site" at http://127.0.0.1:8080
2021-01-17T04:25:57.707Z - info: Press CTRL+C to stop ...
2021-01-17T04:26:13.605Z - info: [12:26:13 PM] Reload for file change: /Users/raysonkoh/Documents/dev/cs3281/test-markbind/index.md
2021-01-17T04:26:14.612Z - info: Rebuilding 1 pages
2021-01-17T04:26:14.707Z - info: Site data built
2021-01-17T04:26:14.707Z - info: Pages rebuilt
2021-01-17T04:26:14.708Z - info: Website regeneration complete! Total build time: 0.096s
2021-01-17T04:26:53.602Z - info: [12:26:53 PM] Reload for file change: /Users/raysonkoh/Documents/dev/cs3281/test-markbind/index.md
2021-01-17T04:26:54.607Z - info: Rebuilding 1 pages
2021-01-17T04:26:54.709Z - info: Site data built
2021-01-17T04:26:54.709Z - info: Pages rebuilt
2021-01-17T04:26:54.709Z - info: Website regeneration complete! Total build time: 0.103s
2021-01-17T05:57:58.279Z - info: Website generation started at 1:57:58 PM
2021-01-17T05:57:58.341Z - info: Building assets...
2021-01-17T05:57:58.371Z - info: Assets built
2021-01-17T05:57:58.371Z - info: Generating pages...
2021-01-17T05:57:58.696Z - info: Pages built
2021-01-17T05:58:02.465Z - info: Site data built
2021-01-17T05:58:02.466Z - info: Website generation complete! Total build time: 4.209s
2021-01-17T05:58:02.483Z - info: Serving "/Users/raysonkoh/Documents/dev/cs3281/test-markbind/_site" at http://127.0.0.1:8080
2021-01-17T05:58:02.483Z - info: Press CTRL+C to stop ...
2021-01-17T05:59:02.073Z - info: [1:59:02 PM] Reload for file change: /Users/raysonkoh/Documents/dev/cs3281/test-markbind/index.md
2021-01-17T05:59:03.082Z - info: Rebuilding 1 pages
2021-01-17T05:59:03.195Z - info: Site data built
2021-01-17T05:59:03.195Z - info: Pages rebuilt
2021-01-17T05:59:03.195Z - info: Website regeneration complete! Total build time: 0.115s
2021-01-17T05:59:11.324Z - info: [1:59:11 PM] Reload for file change: /Users/raysonkoh/Documents/dev/cs3281/test-markbind/index.md
2021-01-17T05:59:12.326Z - info: Rebuilding 1 pages
2021-01-17T05:59:12.397Z - info: Site data built
2021-01-17T05:59:12.397Z - info: Pages rebuilt
2021-01-17T05:59:12.397Z - info: Website regeneration complete! Total build time: 0.072s
2021-01-17T06:48:33.159Z - info: Website generation started at 2:48:33 PM
2021-01-17T06:48:33.222Z - info: Building assets...
2021-01-17T06:48:33.247Z - info: Assets built
2021-01-17T06:48:33.247Z - info: Generating pages...
2021-01-17T06:48:33.537Z - info: Pages built
2021-01-17T06:48:37.151Z - info: Site data built
2021-01-17T06:48:37.152Z - info: Website generation complete! Total build time: 4.02s
2021-01-17T06:48:37.172Z - info: Serving "/Users/raysonkoh/Documents/dev/cs3281/test-markbind/_site" at http://127.0.0.1:8080
2021-01-17T06:48:37.172Z - info: Press CTRL+C to stop ...
2021-01-17T06:48:59.673Z - info: [2:48:59 PM] Reload for file change: /Users/raysonkoh/Documents/dev/cs3281/test-markbind/test.md
2021-01-17T06:49:00.682Z - info: Rebuilding 2 pages
2021-01-17T06:49:00.846Z - info: Site data built
2021-01-17T06:49:00.846Z - info: Pages rebuilt
2021-01-17T06:49:00.846Z - info: Website regeneration complete! Total build time: 0.165s
2021-01-17T06:49:12.702Z - info: [2:49:12 PM] Reload for file change: /Users/raysonkoh/Documents/dev/cs3281/test-markbind/test.md
2021-01-17T06:49:13.706Z - info: Rebuilding 2 pages
2021-01-17T06:49:13.792Z - info: Site data built
2021-01-17T06:49:13.792Z - info: Pages rebuilt
2021-01-17T06:49:13.792Z - info: Website regeneration complete! Total build time: 0.087s
2021-01-17T06:49:14.479Z - info: [2:49:14 PM] Reload for file change: /Users/raysonkoh/Documents/dev/cs3281/test-markbind/test.md
2021-01-17T06:49:15.483Z - info: Rebuilding 2 pages
2021-01-17T06:49:15.574Z - info: Site data built
2021-01-17T06:49:15.574Z - info: Pages rebuilt
2021-01-17T06:49:15.575Z - info: Website regeneration complete! Total build time: 0.092s
2021-01-17T06:49:32.797Z - info: [2:49:32 PM] Reload for file change: /Users/raysonkoh/Documents/dev/cs3281/test-markbind/_markbind/variables.md
2021-01-17T06:49:33.807Z - warn: Rebuilding all pages as variables file was changed, or the --force-reload flag was set
2021-01-17T06:49:33.808Z - info: Rebuilding 6 pages
2021-01-17T06:49:33.906Z - info: Site data built
2021-01-17T06:49:33.906Z - info: Pages rebuilt
2021-01-17T06:49:33.906Z - info: Website regeneration complete! Total build time: 0.103s
2021-01-17T06:49:40.452Z - info: [2:49:40 PM] Reload for file change: /Users/raysonkoh/Documents/dev/cs3281/test-markbind/_markbind/variables.md
2021-01-17T06:49:41.455Z - warn: Rebuilding all pages as variables file was changed, or the --force-reload flag was set
2021-01-17T06:49:41.455Z - info: Rebuilding 6 pages
2021-01-17T06:49:41.530Z - info: Site data built
2021-01-17T06:49:41.530Z - info: Pages rebuilt
2021-01-17T06:49:41.530Z - info: Website regeneration complete! Total build time: 0.077s
2021-01-17T06:50:01.431Z - info: [2:50:01 PM] Reload for file change: /Users/raysonkoh/Documents/dev/cs3281/test-markbind/_markbind/variables.md
2021-01-17T06:50:02.436Z - warn: Rebuilding all pages as variables file was changed, or the --force-reload flag was set
2021-01-17T06:50:02.437Z - info: Rebuilding 6 pages
2021-01-17T06:50:02.522Z - info: Site data built
2021-01-17T06:50:02.522Z - info: Pages rebuilt
2021-01-17T06:50:02.522Z - info: Website regeneration complete! Total build time: 0.09s
2021-01-17T06:50:18.929Z - info: [2:50:18 PM] Reload for file change: /Users/raysonkoh/Documents/dev/cs3281/test-markbind/test.md
2021-01-17T06:50:19.935Z - info: Rebuilding 2 pages
2021-01-17T06:50:19.993Z - info: Site data built
2021-01-17T06:50:19.993Z - info: Pages rebuilt
2021-01-17T06:50:19.993Z - info: Website regeneration complete! Total build time: 0.059s
2021-01-17T07:03:25.254Z - info: [3:03:25 PM] Reload for file change: /Users/raysonkoh/Documents/dev/cs3281/test-markbind/_markbind/variables.md
2021-01-17T07:03:26.260Z - warn: Rebuilding all pages as variables file was changed, or the --force-reload flag was set
2021-01-17T07:03:26.260Z - info: Rebuilding 6 pages
2021-01-17T07:03:26.334Z - info: Site data built
2021-01-17T07:03:26.334Z - info: Pages rebuilt
2021-01-17T07:03:26.334Z - info: Website regeneration complete! Total build time: 0.078s
2021-01-17T07:06:15.820Z - info: [3:06:15 PM] Reload for file change: /Users/raysonkoh/Documents/dev/cs3281/test-markbind/test.md
2021-01-17T07:06:16.822Z - info: Rebuilding 2 pages
2021-01-17T07:06:16.872Z - info: Site data built
2021-01-17T07:06:16.872Z - info: Pages rebuilt
2021-01-17T07:06:16.872Z - info: Website regeneration complete! Total build time: 0.051s
2021-01-17T07:06:40.950Z - info: [3:06:40 PM] Reload for file change: /Users/raysonkoh/Documents/dev/cs3281/test-markbind/test.md
2021-01-17T07:06:41.956Z - info: Rebuilding 2 pages
2021-01-17T07:06:42.008Z - info: Site data built
2021-01-17T07:06:42.008Z - info: Pages rebuilt
2021-01-17T07:06:42.008Z - info: Website regeneration complete! Total build time: 0.053s
2021-01-17T07:11:06.736Z - info: [3:11:06 PM] Reload for file change: /Users/raysonkoh/Documents/dev/cs3281/test-markbind/_markbind/variables.md
2021-01-17T07:11:07.747Z - warn: Rebuilding all pages as variables file was changed, or the --force-reload flag was set
2021-01-17T07:11:07.748Z - info: Rebuilding 6 pages
2021-01-17T07:11:07.818Z - info: Site data built
2021-01-17T07:11:07.818Z - info: Pages rebuilt
2021-01-17T07:11:07.818Z - info: Website regeneration complete! Total build time: 0.076s
2021-01-17T07:12:18.736Z - info: [3:12:18 PM] Reload for file change: /Users/raysonkoh/Documents/dev/cs3281/test-markbind/test.md
2021-01-17T07:12:19.740Z - info: Rebuilding 2 pages
2021-01-17T07:12:19.790Z - info: Site data built
2021-01-17T07:12:19.791Z - info: Pages rebuilt
2021-01-17T07:12:19.791Z - info: Website regeneration complete! Total build time: 0.051s
2021-01-17T07:12:36.324Z - info: [3:12:36 PM] Reload for file change: /Users/raysonkoh/Documents/dev/cs3281/test-markbind/test.md
2021-01-17T07:12:37.328Z - info: Rebuilding 2 pages
2021-01-17T07:12:37.385Z - info: Site data built
2021-01-17T07:12:37.385Z - info: Pages rebuilt
2021-01-17T07:12:37.385Z - info: Website regeneration complete! Total build time: 0.057s
2021-01-17T07:19:28.185Z - info: [3:19:28 PM] Reload for file change: /Users/raysonkoh/Documents/dev/cs3281/test-markbind/_markbind/variables.md
2021-01-17T07:19:29.194Z - warn: Rebuilding all pages as variables file was changed, or the --force-reload flag was set
2021-01-17T07:19:29.195Z - info: Rebuilding 6 pages
2021-01-17T07:19:29.257Z - info: Site data built
2021-01-17T07:19:29.257Z - info: Pages rebuilt
2021-01-17T07:19:29.257Z - info: Website regeneration complete! Total build time: 0.067s
2021-01-17T07:19:41.914Z - info: [3:19:41 PM] Reload for file change: /Users/raysonkoh/Documents/dev/cs3281/test-markbind/test.md
2021-01-17T07:19:42.916Z - info: Rebuilding 2 pages
2021-01-17T07:19:42.962Z - info: Site data built
2021-01-17T07:19:42.962Z - info: Pages rebuilt
2021-01-17T07:19:42.962Z - info: Website regeneration complete! Total build time: 0.047s
2021-01-17T07:19:45.065Z - info: [3:19:45 PM] Reload for file change: /Users/raysonkoh/Documents/dev/cs3281/test-markbind/test.md
2021-01-17T07:19:46.072Z - info: Rebuilding 2 pages
2021-01-17T07:19:46.108Z - info: Site data built
2021-01-17T07:19:46.108Z - info: Pages rebuilt
2021-01-17T07:19:46.108Z - info: Website regeneration complete! Total build time: 0.037s
2021-01-17T07:20:05.173Z - info: [3:20:05 PM] Reload for file change: /Users/raysonkoh/Documents/dev/cs3281/test-markbind/test.md
2021-01-17T07:20:06.180Z - info: Rebuilding 2 pages
2021-01-17T07:20:06.226Z - info: Site data built
2021-01-17T07:20:06.226Z - info: Pages rebuilt
2021-01-17T07:20:06.227Z - info: Website regeneration complete! Total build time: 0.047s
2021-01-17T07:20:12.119Z - info: [3:20:12 PM] Reload for file change: /Users/raysonkoh/Documents/dev/cs3281/test-markbind/test.md
2021-01-17T07:20:13.124Z - info: Rebuilding 2 pages
2021-01-17T07:20:13.172Z - info: Site data built
2021-01-17T07:20:13.173Z - info: Pages rebuilt
2021-01-17T07:20:13.173Z - info: Website regeneration complete! Total build time: 0.049s
2021-01-17T07:20:23.895Z - info: [3:20:23 PM] Reload for file change: /Users/raysonkoh/Documents/dev/cs3281/test-markbind/test.md
2021-01-17T07:20:24.898Z - info: Rebuilding 2 pages
2021-01-17T07:20:24.948Z - info: Site data built
2021-01-17T07:20:24.948Z - info: Pages rebuilt
2021-01-17T07:20:24.948Z - info: Website regeneration complete! Total build time: 0.052s
2021-01-17T07:20:30.910Z - info: [3:20:30 PM] Reload for file change: /Users/raysonkoh/Documents/dev/cs3281/test-markbind/test.md
2021-01-17T07:20:31.913Z - info: Rebuilding 2 pages
2021-01-17T07:20:31.955Z - info: Site data built
2021-01-17T07:20:31.955Z - info: Pages rebuilt
2021-01-17T07:20:31.955Z - info: Website regeneration complete! Total build time: 0.043s
2021-01-17T07:24:43.572Z - info: [3:24:43 PM] Reload for file add: /Users/raysonkoh/Documents/dev/cs3281/test-markbind/test2.md
2021-01-17T07:24:44.582Z - info: Page added or removed, updating list of site's pages...
2021-01-17T07:24:45.592Z - warn: Rebuilding all pages...
2021-01-17T07:24:45.593Z - info: Generating pages...
2021-01-17T07:24:45.677Z - info: Pages built
2021-01-17T07:25:22.965Z - info: [3:25:22 PM] Reload for file deletion: /Users/raysonkoh/Documents/dev/cs3281/test-markbind/test2.md
2021-01-17T07:25:22.968Z - info: [3:25:22 PM] Reload for file add: /Users/raysonkoh/Documents/dev/cs3281/test-markbind/codeQuality.md
2021-01-17T07:25:23.968Z - info: Page added or removed, updating list of site's pages...
2021-01-17T07:25:24.980Z - debug: Assets removed
2021-01-17T07:25:24.980Z - warn: Rebuilding all pages...
2021-01-17T07:25:24.980Z - info: Generating pages...
2021-01-17T07:25:25.062Z - info: Pages built
2021-01-17T07:28:07.817Z - info: [3:28:07 PM] Reload for file change: /Users/raysonkoh/Documents/dev/cs3281/test-markbind/codeQuality.md
2021-01-17T07:28:08.823Z - info: Rebuilding 1 pages
2021-01-17T07:28:08.832Z - info: Site data built
2021-01-17T07:28:08.833Z - info: Pages rebuilt
2021-01-17T07:28:08.833Z - info: Website regeneration complete! Total build time: 0.011s
2021-01-17T07:28:31.519Z - info: [3:28:31 PM] Reload for file change: /Users/raysonkoh/Documents/dev/cs3281/test-markbind/codeQuality.md
2021-01-17T07:28:32.524Z - info: Rebuilding 1 pages
2021-01-17T07:28:32.540Z - info: Site data built
2021-01-17T07:28:32.540Z - info: Pages rebuilt
2021-01-17T07:28:32.540Z - info: Website regeneration complete! Total build time: 0.017s
2021-01-17T07:28:48.242Z - info: [3:28:48 PM] Reload for file change: /Users/raysonkoh/Documents/dev/cs3281/test-markbind/test.md
2021-01-17T07:28:49.246Z - info: Rebuilding 2 pages
2021-01-17T07:28:49.300Z - info: Site data built
2021-01-17T07:28:49.300Z - info: Pages rebuilt
2021-01-17T07:28:49.300Z - info: Website regeneration complete! Total build time: 0.055s
2021-01-17T07:31:01.420Z - info: [3:31:01 PM] Reload for file change: /Users/raysonkoh/Documents/dev/cs3281/test-markbind/codeQuality.md
2021-01-17T07:31:02.423Z - info: Rebuilding 3 pages
2021-01-17T07:31:02.473Z - info: Site data built
2021-01-17T07:31:02.473Z - info: Pages rebuilt
2021-01-17T07:31:02.473Z - info: Website regeneration complete! Total build time: 0.051s
2021-01-17T07:33:01.778Z - info: [3:33:01 PM] Reload for file change: /Users/raysonkoh/Documents/dev/cs3281/test-markbind/codeQuality.md
2021-01-17T07:33:02.780Z - info: Rebuilding 3 pages
2021-01-17T07:33:02.835Z - info: Site data built
2021-01-17T07:33:02.835Z - info: Pages rebuilt
2021-01-17T07:33:02.835Z - info: Website regeneration complete! Total build time: 0.055s
2021-01-17T07:33:40.397Z - info: [3:33:40 PM] Reload for file change: /Users/raysonkoh/Documents/dev/cs3281/test-markbind/codeQuality.md
2021-01-17T07:33:41.402Z - info: Rebuilding 3 pages
2021-01-17T07:33:41.452Z - info: Site data built
2021-01-17T07:33:41.452Z - info: Pages rebuilt
2021-01-17T07:33:41.452Z - info: Website regeneration complete! Total build time: 0.051s
2021-01-17T07:35:39.004Z - info: [3:35:39 PM] Reload for file change: /Users/raysonkoh/Documents/dev/cs3281/test-markbind/codeQuality.md
2021-01-17T07:35:40.009Z - info: Rebuilding 3 pages
2021-01-17T07:35:40.067Z - info: Site data built
2021-01-17T07:35:40.067Z - info: Pages rebuilt
2021-01-17T07:35:40.068Z - info: Website regeneration complete! Total build time: 0.06s
2021-01-17T07:37:52.983Z - info: [3:37:52 PM] Reload for file change: /Users/raysonkoh/Documents/dev/cs3281/test-markbind/codeQuality.md
2021-01-17T07:37:53.990Z - info: Rebuilding 3 pages
2021-01-17T07:37:54.050Z - info: Site data built
2021-01-17T07:37:54.051Z - info: Pages rebuilt
2021-01-17T07:37:54.051Z - info: Website regeneration complete! Total build time: 0.062s
2021-01-17T07:38:17.701Z - info: [3:38:17 PM] Reload for file change: /Users/raysonkoh/Documents/dev/cs3281/test-markbind/codeQuality.md
2021-01-17T07:38:18.705Z - info: Rebuilding 3 pages
2021-01-17T07:38:18.759Z - info: Site data built
2021-01-17T07:38:18.759Z - info: Pages rebuilt
2021-01-17T07:38:18.759Z - info: Website regeneration complete! Total build time: 0.055s
2021-01-17T07:38:55.120Z - info: [3:38:55 PM] Reload for file deletion: /Users/raysonkoh/Documents/dev/cs3281/test-markbind/codeQuality.md
2021-01-17T07:38:55.121Z - info: [3:38:55 PM] Reload for file add: /Users/raysonkoh/Documents/dev/cs3281/test-markbind/forLoops.md
2021-01-17T07:38:56.123Z - info: Page added or removed, updating list of site's pages...
2021-01-17T07:38:57.129Z - debug: Assets removed
2021-01-17T07:38:57.130Z - warn: Rebuilding all pages...
2021-01-17T07:38:57.130Z - info: Generating pages...
2021-01-17T07:38:57.160Z - error:  Error: No such file: /Users/raysonkoh/Documents/dev/cs3281/test-markbind/codeQuality.md
Missing reference in /Users/raysonkoh/Documents/dev/cs3281/test-markbind/test.md
    at _getFileExistsNode (/Users/raysonkoh/Documents/dev/cs3281/markbind/packages/core/src/html/includePanelProcessor.js:33:19)
    at processInclude (/Users/raysonkoh/Documents/dev/cs3281/markbind/packages/core/src/html/includePanelProcessor.js:179:26)
    at NodeProcessor.processNode (/Users/raysonkoh/Documents/dev/cs3281/markbind/packages/core/src/html/NodeProcessor.js:620:16)
    at NodeProcessor._process (/Users/raysonkoh/Documents/dev/cs3281/markbind/packages/core/src/html/NodeProcessor.js:742:20)
    at /Users/raysonkoh/Documents/dev/cs3281/markbind/packages/core/src/html/NodeProcessor.js:747:14
    at Array.forEach (<anonymous>)
    at NodeProcessor._process (/Users/raysonkoh/Documents/dev/cs3281/markbind/packages/core/src/html/NodeProcessor.js:746:21)
    at /Users/raysonkoh/Documents/dev/cs3281/markbind/packages/core/src/html/NodeProcessor.js:779:30
    at Array.map (<anonymous>)
    at DomHandler._callback (/Users/raysonkoh/Documents/dev/cs3281/markbind/packages/core/src/html/NodeProcessor.js:776:27)
    at DomHandler._handleCallback.DomHandler.onerror (/Users/raysonkoh/Documents/dev/cs3281/markbind/node_modules/domhandler/index.js:52:8)
    at DomHandler.onend (/Users/raysonkoh/Documents/dev/cs3281/markbind/node_modules/domhandler/index.js:46:7)
    at Parser.onend (/Users/raysonkoh/Documents/dev/cs3281/markbind/node_modules/htmlparser2/lib/Parser.js:340:36)
    at Tokenizer._finish (/Users/raysonkoh/Documents/dev/cs3281/markbind/node_modules/htmlparser2/lib/Tokenizer.js:890:15)
    at Tokenizer.end (/Users/raysonkoh/Documents/dev/cs3281/markbind/node_modules/htmlparser2/lib/Tokenizer.js:881:29)
    at Parser.end (/Users/raysonkoh/Documents/dev/cs3281/markbind/node_modules/htmlparser2/lib/Parser.js:367:21)
2021-01-17T07:38:57.168Z - error:  Error: No such file: /Users/raysonkoh/Documents/dev/cs3281/test-markbind/codeQuality.md
Missing reference in /Users/raysonkoh/Documents/dev/cs3281/test-markbind/test.md
    at _getFileExistsNode (/Users/raysonkoh/Documents/dev/cs3281/markbind/packages/core/src/html/includePanelProcessor.js:33:19)
    at processInclude (/Users/raysonkoh/Documents/dev/cs3281/markbind/packages/core/src/html/includePanelProcessor.js:179:26)
    at NodeProcessor.processNode (/Users/raysonkoh/Documents/dev/cs3281/markbind/packages/core/src/html/NodeProcessor.js:620:16)
    at NodeProcessor._process (/Users/raysonkoh/Documents/dev/cs3281/markbind/packages/core/src/html/NodeProcessor.js:742:20)
    at /Users/raysonkoh/Documents/dev/cs3281/markbind/packages/core/src/html/NodeProcessor.js:747:14
    at Array.forEach (<anonymous>)
    at NodeProcessor._process (/Users/raysonkoh/Documents/dev/cs3281/markbind/packages/core/src/html/NodeProcessor.js:746:21)
    at /Users/raysonkoh/Documents/dev/cs3281/markbind/packages/core/src/html/NodeProcessor.js:747:14
    at Array.forEach (<anonymous>)
    at NodeProcessor._process (/Users/raysonkoh/Documents/dev/cs3281/markbind/packages/core/src/html/NodeProcessor.js:746:21)
    at /Users/raysonkoh/Documents/dev/cs3281/markbind/packages/core/src/html/NodeProcessor.js:779:30
    at Array.map (<anonymous>)
    at DomHandler._callback (/Users/raysonkoh/Documents/dev/cs3281/markbind/packages/core/src/html/NodeProcessor.js:776:27)
    at DomHandler._handleCallback.DomHandler.onerror (/Users/raysonkoh/Documents/dev/cs3281/markbind/node_modules/domhandler/index.js:52:8)
    at DomHandler.onend (/Users/raysonkoh/Documents/dev/cs3281/markbind/node_modules/domhandler/index.js:46:7)
    at Parser.onend (/Users/raysonkoh/Documents/dev/cs3281/markbind/node_modules/htmlparser2/lib/Parser.js:340:36)
2021-01-17T07:38:57.204Z - info: Pages built
2021-01-17T07:38:59.593Z - info: [3:38:59 PM] Reload for file change: /Users/raysonkoh/Documents/dev/cs3281/test-markbind/test.md
2021-01-17T07:39:00.599Z - info: Rebuilding 2 pages
2021-01-17T07:39:00.644Z - info: Site data built
2021-01-17T07:39:00.644Z - info: Pages rebuilt
2021-01-17T07:39:00.644Z - info: Website regeneration complete! Total build time: 0.046s
2021-01-17T07:39:52.394Z - info: [3:39:52 PM] Reload for file change: /Users/raysonkoh/Documents/dev/cs3281/test-markbind/test.md
2021-01-17T07:39:53.397Z - info: Rebuilding 2 pages
2021-01-17T07:39:53.449Z - info: Site data built
2021-01-17T07:39:53.449Z - info: Pages rebuilt
2021-01-17T07:39:53.449Z - info: Website regeneration complete! Total build time: 0.053s
2021-01-17T07:39:54.751Z - info: [3:39:54 PM] Reload for file change: /Users/raysonkoh/Documents/dev/cs3281/test-markbind/test.md
2021-01-17T07:39:55.758Z - info: Rebuilding 2 pages
2021-01-17T07:39:55.814Z - info: Site data built
2021-01-17T07:39:55.814Z - info: Pages rebuilt
2021-01-17T07:39:55.814Z - info: Website regeneration complete! Total build time: 0.057s
2021-01-17T07:40:32.430Z - info: [3:40:32 PM] Reload for file change: /Users/raysonkoh/Documents/dev/cs3281/test-markbind/test.md
2021-01-17T07:40:33.435Z - info: Rebuilding 2 pages
2021-01-17T07:40:33.488Z - info: Site data built
2021-01-17T07:40:33.489Z - info: Pages rebuilt
2021-01-17T07:40:33.489Z - info: Website regeneration complete! Total build time: 0.055s
2021-01-17T07:40:54.798Z - info: [3:40:54 PM] Reload for file change: /Users/raysonkoh/Documents/dev/cs3281/test-markbind/site.json
2021-01-17T07:40:55.802Z - info: Assets built
2021-01-17T07:41:04.139Z - info: Website generation started at 3:41:04 PM
2021-01-17T07:41:04.200Z - info: Building assets...
2021-01-17T07:41:04.225Z - info: Assets built
2021-01-17T07:41:04.225Z - info: Generating pages...
2021-01-17T07:41:04.530Z - info: Pages built
2021-01-17T07:41:08.213Z - info: Site data built
2021-01-17T07:41:08.214Z - info: Website generation complete! Total build time: 4.106s
2021-01-17T07:41:08.231Z - info: Serving "/Users/raysonkoh/Documents/dev/cs3281/test-markbind/_site" at http://127.0.0.1:8080
2021-01-17T07:41:08.232Z - info: Press CTRL+C to stop ...
2021-01-17T07:41:27.714Z - info: Website generation started at 3:41:27 PM
2021-01-17T07:41:27.760Z - info: Building assets...
2021-01-17T07:41:27.786Z - info: Assets built
2021-01-17T07:41:27.787Z - info: Generating pages...
2021-01-17T07:41:28.065Z - info: Pages built
2021-01-17T07:41:31.386Z - info: Site data built
2021-01-17T07:41:31.386Z - info: Website generation complete! Total build time: 3.691s
2021-01-17T07:41:31.398Z - info: Serving "/Users/raysonkoh/Documents/dev/cs3281/test-markbind/_site" at http://127.0.0.1:8080
2021-01-17T07:41:31.398Z - info: Press CTRL+C to stop ...
2021-01-17T07:41:50.202Z - info: [3:41:50 PM] Reload for file change: /Users/raysonkoh/Documents/dev/cs3281/test-markbind/forLoops.md
2021-01-17T07:41:51.210Z - info: Rebuilding 3 pages
2021-01-17T07:41:51.423Z - info: Site data built
2021-01-17T07:41:51.423Z - info: Pages rebuilt
2021-01-17T07:41:51.423Z - info: Website regeneration complete! Total build time: 0.214s
2021-01-17T07:46:07.324Z - info: [3:46:07 PM] Reload for file change: /Users/raysonkoh/Documents/dev/cs3281/test-markbind/test.md
2021-01-17T07:46:08.327Z - info: Rebuilding 2 pages
2021-01-17T07:46:08.415Z - info: Site data built
2021-01-17T07:46:08.416Z - info: Pages rebuilt
2021-01-17T07:46:08.416Z - info: Website regeneration complete! Total build time: 0.09s
2021-01-17T07:46:16.404Z - info: [3:46:16 PM] Reload for file change: /Users/raysonkoh/Documents/dev/cs3281/test-markbind/test.md
2021-01-17T07:46:17.408Z - info: Rebuilding 2 pages
2021-01-17T07:46:17.502Z - info: Site data built
2021-01-17T07:46:17.502Z - info: Pages rebuilt
2021-01-17T07:46:17.502Z - info: Website regeneration complete! Total build time: 0.097s
2021-01-17T07:46:27.510Z - info: [3:46:27 PM] Reload for file change: /Users/raysonkoh/Documents/dev/cs3281/test-markbind/test.md
2021-01-17T07:46:27.610Z - info: [3:46:27 PM] Reload for file change: /Users/raysonkoh/Documents/dev/cs3281/test-markbind/test.md
2021-01-17T07:46:28.515Z - info: Rebuilding 2 pages
2021-01-17T07:46:28.592Z - info: Site data built
2021-01-17T07:46:28.592Z - info: Pages rebuilt
2021-01-17T07:46:28.592Z - info: Website regeneration complete! Total build time: 0.077s
2021-01-17T07:46:37.016Z - info: [3:46:37 PM] Reload for file change: /Users/raysonkoh/Documents/dev/cs3281/test-markbind/forLoops.md
2021-01-17T07:46:38.022Z - info: Rebuilding 3 pages
2021-01-17T07:46:38.112Z - info: Site data built
2021-01-17T07:46:38.112Z - info: Pages rebuilt
2021-01-17T07:46:38.112Z - info: Website regeneration complete! Total build time: 0.094s
2021-01-17T07:46:50.217Z - info: [3:46:50 PM] Reload for file change: /Users/raysonkoh/Documents/dev/cs3281/test-markbind/test.md
2021-01-17T07:46:51.219Z - info: Rebuilding 2 pages
2021-01-17T07:46:51.285Z - info: Site data built
2021-01-17T07:46:51.285Z - info: Pages rebuilt
2021-01-17T07:46:51.285Z - info: Website regeneration complete! Total build time: 0.067s
2021-01-17T07:47:05.136Z - info: [3:47:05 PM] Reload for file change: /Users/raysonkoh/Documents/dev/cs3281/test-markbind/test.md
2021-01-17T07:47:06.138Z - info: Rebuilding 2 pages
2021-01-17T07:47:06.203Z - info: Site data built
2021-01-17T07:47:06.203Z - info: Pages rebuilt
2021-01-17T07:47:06.203Z - info: Website regeneration complete! Total build time: 0.065s
2021-01-17T07:47:52.534Z - info: [3:47:52 PM] Reload for file change: /Users/raysonkoh/Documents/dev/cs3281/test-markbind/test.md
2021-01-17T07:47:53.536Z - info: Rebuilding 2 pages
2021-01-17T07:47:53.600Z - info: Site data built
2021-01-17T07:47:53.600Z - info: Pages rebuilt
2021-01-17T07:47:53.600Z - info: Website regeneration complete! Total build time: 0.065s
2021-01-17T07:48:05.040Z - info: [3:48:05 PM] Reload for file change: /Users/raysonkoh/Documents/dev/cs3281/test-markbind/test.md
2021-01-17T07:48:05.141Z - info: [3:48:05 PM] Reload for file change: /Users/raysonkoh/Documents/dev/cs3281/test-markbind/test.md
2021-01-17T07:48:06.041Z - info: Rebuilding 2 pages
2021-01-17T07:48:06.099Z - info: Site data built
2021-01-17T07:48:06.099Z - info: Pages rebuilt
2021-01-17T07:48:06.099Z - info: Website regeneration complete! Total build time: 0.059s
2021-01-17T08:11:47.229Z - info: [4:11:47 PM] Reload for file change: /Users/raysonkoh/Documents/dev/cs3281/test-markbind/test.md
2021-01-17T08:11:48.236Z - info: Rebuilding 2 pages
2021-01-17T08:11:48.307Z - info: Site data built
2021-01-17T08:11:48.308Z - info: Pages rebuilt
2021-01-17T08:11:48.308Z - info: Website regeneration complete! Total build time: 0.073s
